[01m[K/home/robojackets/training_ws/src/software-training/peak_finder/src/peak_finder_component.cpp:[m[K In member function â€˜[01m[KEigen::Vector2d peak_finder::PeakFinderComponent::PickNextGoalPosition(const Vector2d&, const double&)[m[Kâ€™:
[01m[K/home/robojackets/training_ws/src/software-training/peak_finder/src/peak_finder_component.cpp:215:7:[m[K [01;31m[Kerror: [m[Kâ€˜[01m[Kelevation[m[Kâ€™ was not declared in this scope; did you mean â€˜[01m[Kelevations[m[Kâ€™?
  215 |       [01;31m[Kelevation[m[K.push_back(SampleElevation(position));
      |       [01;31m[K^~~~~~~~~[m[K
      |       [32m[Kelevations[m[K
[01m[K/home/robojackets/training_ws/src/software-training/peak_finder/src/peak_finder_component.cpp:220:31:[m[K [01;31m[Kerror: [m[Kâ€˜[01m[Kcurrent_elevations[m[Kâ€™ was not declared in this scope; did you mean â€˜[01m[Kcurrent_elevation[m[Kâ€™?
  220 |     if(*max_elevation_iter <= [01;31m[Kcurrent_elevations[m[K){
      |                               [01;31m[K^~~~~~~~~~~~~~~~~~[m[K
      |                               [32m[Kcurrent_elevation[m[K
make[2]: *** [CMakeFiles/peak_finder_components.dir/build.make:63: CMakeFiles/peak_finder_components.dir/src/peak_finder_component.cpp.o] Error 1
make[1]: *** [CMakeFiles/Makefile2:134: CMakeFiles/peak_finder_components.dir/all] Error 2
make: *** [Makefile:141: all] Error 2
