-- The C compiler identification is GNU 9.3.0
-- The CXX compiler identification is GNU 9.3.0
-- Check for working C compiler: /usr/bin/cc
-- Check for working C compiler: /usr/bin/cc -- works
-- Detecting C compiler ABI info
-- Detecting C compiler ABI info - done
-- Detecting C compile features
-- Detecting C compile features - done
-- Check for working CXX compiler: /usr/bin/c++
-- Check for working CXX compiler: /usr/bin/c++ -- works
-- Detecting CXX compiler ABI info
-- Detecting CXX compiler ABI info - done
-- Detecting CXX compile features
-- Detecting CXX compile features - done
-- Found ament_cmake: 0.9.9 (/opt/ros/foxy/share/ament_cmake/cmake)
-- Found PythonInterp: /usr/bin/python3 (found suitable version "3.8.10", minimum required is "3") 
-- Using PYTHON_EXECUTABLE: /usr/bin/python3
-- Found rclcpp: 2.4.0 (/opt/ros/foxy/share/rclcpp/cmake)
-- Using all available rosidl_typesupport_c: rosidl_typesupport_fastrtps_c;rosidl_typesupport_introspection_c
-- Found rosidl_adapter: 1.2.1 (/opt/ros/foxy/share/rosidl_adapter/cmake)
-- Found OpenSSL: /usr/lib/x86_64-linux-gnu/libcrypto.so (found version "1.1.1f")  
-- Found FastRTPS: /opt/ros/foxy/include  
-- Using all available rosidl_typesupport_cpp: rosidl_typesupport_fastrtps_cpp;rosidl_typesupport_introspection_cpp
-- Found rmw_implementation_cmake: 1.0.3 (/opt/ros/foxy/share/rmw_implementation_cmake/cmake)
-- Using RMW implementation 'rmw_fastrtps_cpp' as default
-- Looking for pthread.h
-- Looking for pthread.h - found
-- Performing Test CMAKE_HAVE_LIBC_PTHREAD
-- Performing Test CMAKE_HAVE_LIBC_PTHREAD - Failed
-- Looking for pthread_create in pthreads
-- Looking for pthread_create in pthreads - not found
-- Looking for pthread_create in pthread
-- Looking for pthread_create in pthread - found
-- Found Threads: TRUE  
-- Found rclcpp_components: 2.4.0 (/opt/ros/foxy/share/rclcpp_components/cmake)
-- Found stsl_interfaces: 0.0.4 (/opt/ros/foxy/share/stsl_interfaces/cmake)
-- Found sensor_msgs: 2.0.4 (/opt/ros/foxy/share/sensor_msgs/cmake)
-- Found visualization_msgs: 2.0.4 (/opt/ros/foxy/share/visualization_msgs/cmake)
-- Found nav_msgs: 2.0.4 (/opt/ros/foxy/share/nav_msgs/cmake)
-- Found tf2_ros: 0.13.12 (/opt/ros/foxy/share/tf2_ros/cmake)
-- Found tf2_geometry_msgs: 0.13.12 (/opt/ros/foxy/share/tf2_geometry_msgs/cmake)
-- Found eigen3_cmake_module: 0.1.1 (/opt/ros/foxy/share/eigen3_cmake_module/cmake)
-- Found Eigen3: TRUE (found version "3.3.7") 
-- Found angles: 1.12.3 (/opt/ros/foxy/share/angles/cmake)
-- Found ament_lint_auto: 0.9.6 (/opt/ros/foxy/share/ament_lint_auto/cmake)
-- Added test 'copyright' to check source files copyright and LICENSE
-- Added test 'cppcheck' to perform static code analysis on C / C++ code
-- Configured cppcheck include dirs: 
-- Configured cppcheck exclude dirs and/or files: 
-- Added test 'cpplint' to check C / C++ code against the Google style
-- Configured cpplint exclude dirs and/or files: 
-- Added test 'flake8' to check Python code syntax and style conventions
-- Added test 'lint_cmake' to check CMake code style
-- Added test 'pep257' to check Python code against some of the style conventions in PEP 257
-- Added test 'uncrustify' to check C / C++ code style
-- Configured uncrustify additional arguments: 
-- Added test 'xmllint' to check XML markup files
-- Configuring done
-- Generating done
-- Build files have been written to: /home/robojackets/training_ws/src/software-training/localization/build/localization
[35m[1mScanning dependencies of target localization_component[0m
[35m[1mScanning dependencies of target localization_node[0m
[ 12%] [32mBuilding CXX object CMakeFiles/localization_node.dir/rclcpp_components/node_main_localization_node.cpp.o[0m
[ 25%] [32mBuilding CXX object CMakeFiles/localization_component.dir/src/motion_model.cpp.o[0m
[ 37%] [32mBuilding CXX object CMakeFiles/localization_component.dir/src/aruco_sensor_model.cpp.o[0m
[ 50%] [32mBuilding CXX object CMakeFiles/localization_component.dir/src/odometry_sensor_model.cpp.o[0m
[ 75%] [32mBuilding CXX object CMakeFiles/localization_component.dir/src/random_helpers.cpp.o[0m
[ 75%] [32mBuilding CXX object CMakeFiles/localization_component.dir/src/particle_filter_localizer.cpp.o[0m
[01m[K/home/robojackets/training_ws/src/software-training/localization/src/odometry_sensor_model.cpp:7:5:[m[K [01;31m[Kerror: [m[Kno declaration matches â€˜[01m[Klocalization::OdometrySensorModel::OdometrySensorModel(rclcpp::Node&)[m[Kâ€™
    7 |     [01;31m[KOdometrySensorModel[m[K::OdometrySensorModel(rclcpp::Node & node){
      |     [01;31m[K^~~~~~~~~~~~~~~~~~~[m[K
In file included from [01m[K/home/robojackets/training_ws/src/software-training/localization/src/odometry_sensor_model.cpp:1[m[K:
[01m[K/home/robojackets/training_ws/src/software-training/localization/src/odometry_sensor_model.hpp:10:11:[m[K [01;36m[Knote: [m[Kcandidates are: â€˜[01m[Klocalization::OdometrySensorModel::OdometrySensorModel(localization::OdometrySensorModel&&)[m[Kâ€™
   10 |     class [01;36m[KOdometrySensorModel[m[K: public SensorModel{
      |           [01;36m[K^~~~~~~~~~~~~~~~~~~[m[K
[01m[K/home/robojackets/training_ws/src/software-training/localization/src/odometry_sensor_model.hpp:10:11:[m[K [01;36m[Knote: [m[K                â€˜[01m[Klocalization::OdometrySensorModel::OdometrySensorModel(const localization::OdometrySensorModel&)[m[Kâ€™
[01m[K/home/robojackets/training_ws/src/software-training/localization/src/odometry_sensor_model.hpp:15:13:[m[K [01;36m[Knote: [m[K                â€˜[01m[Klocalization::OdometrySensorModel::OdometrySensorModel(rclcpp::Node)[m[Kâ€™
   15 |             [01;36m[KOdometrySensorModel[m[K(rclcpp::Node node);
      |             [01;36m[K^~~~~~~~~~~~~~~~~~~[m[K
[01m[K/home/robojackets/training_ws/src/software-training/localization/src/odometry_sensor_model.hpp:10:11:[m[K [01;36m[Knote: [m[Kâ€˜[01m[Kclass localization::OdometrySensorModel[m[Kâ€™ defined here
   10 |     class [01;36m[KOdometrySensorModel[m[K: public SensorModel{
      |           [01;36m[K^~~~~~~~~~~~~~~~~~~[m[K
[01m[K/home/robojackets/training_ws/src/software-training/localization/src/odometry_sensor_model.cpp:[m[K In member function â€˜[01m[Kvirtual bool localization::OdometrySensorModel::IsMeasurementAvailable(const rclcpp::Time&)[m[Kâ€™:
[01m[K/home/robojackets/training_ws/src/software-training/localization/src/odometry_sensor_model.cpp:27:36:[m[K [01;31m[Kerror: [m[Kno match for â€˜[01m[Koperator<[m[Kâ€™ (operand types are â€˜[01m[Kconst rclcpp::Duration[m[Kâ€™ and â€˜[01m[Kdouble[m[Kâ€™)
   27 |         return [32m[Ktime_since_last_msg[m[K [01;31m[K<[m[K [34m[Ktimeout_[m[K;
      |                [32m[K~~~~~~~~~~~~~~~~~~~[m[K [01;31m[K^[m[K [34m[K~~~~~~~~[m[K
      |                [32m[K|[m[K                     [34m[K|[m[K
      |                [32m[K|[m[K                     [34m[Kdouble[m[K
      |                [32m[Kconst rclcpp::Duration[m[K
In file included from [01m[K/opt/ros/foxy/include/rclcpp/qos.hpp:20[m[K,
                 from [01m[K/opt/ros/foxy/include/rclcpp/node_interfaces/node_graph_interface.hpp:31[m[K,
                 from [01m[K/opt/ros/foxy/include/rclcpp/client.hpp:34[m[K,
                 from [01m[K/opt/ros/foxy/include/rclcpp/callback_group.hpp:23[m[K,
                 from [01m[K/opt/ros/foxy/include/rclcpp/any_executable.hpp:20[m[K,
                 from [01m[K/opt/ros/foxy/include/rclcpp/memory_strategy.hpp:24[m[K,
                 from [01m[K/opt/ros/foxy/include/rclcpp/memory_strategies.hpp:18[m[K,
                 from [01m[K/opt/ros/foxy/include/rclcpp/executor_options.hpp:20[m[K,
                 from [01m[K/opt/ros/foxy/include/rclcpp/executor.hpp:33[m[K,
                 from [01m[K/opt/ros/foxy/include/rclcpp/executors/multi_threaded_executor.hpp:26[m[K,
                 from [01m[K/opt/ros/foxy/include/rclcpp/executors.hpp:21[m[K,
                 from [01m[K/opt/ros/foxy/include/rclcpp/rclcpp.hpp:146[m[K,
                 from [01m[K/home/robojackets/training_ws/src/software-training/localization/src/odometry_sensor_model.hpp:4[m[K,
                 from [01m[K/home/robojackets/training_ws/src/software-training/localization/src/odometry_sensor_model.cpp:1[m[K:
[01m[K/opt/ros/foxy/include/rclcpp/duration.hpp:84:3:[m[K [01;36m[Knote: [m[Kcandidate: â€˜[01m[Kbool rclcpp::Duration::operator<(const rclcpp::Duration&) const[m[Kâ€™
   84 |   [01;36m[Koperator[m[K<(const rclcpp::Duration & rhs) const;
      |   [01;36m[K^~~~~~~~[m[K
[01m[K/opt/ros/foxy/include/rclcpp/duration.hpp:84:38:[m[K [01;36m[Knote: [m[K  no known conversion for argument 1 from â€˜[01m[Kdouble[m[Kâ€™ to â€˜[01m[Kconst rclcpp::Duration&[m[Kâ€™
   84 |   operator<([01;36m[Kconst rclcpp::Duration & rhs[m[K) const;
      |             [01;36m[K~~~~~~~~~~~~~~~~~~~~~~~~~^~~[m[K
[01m[K/home/robojackets/training_ws/src/software-training/localization/src/odometry_sensor_model.cpp:[m[K In function â€˜[01m[Kdouble localization::ComputeLogProb(const localization::Particle&)[m[Kâ€™:
[01m[K/home/robojackets/training_ws/src/software-training/localization/src/odometry_sensor_model.cpp:32:25:[m[K [01;31m[Kerror: [m[Kâ€˜[01m[Klast_msg_[m[Kâ€™ was not declared in this scope
   32 |         log_prob += pow([01;31m[Klast_msg_[m[K.twist.twist.linear.x - particle.x_vel, 2) / covariance_[0];
      |                         [01;31m[K^~~~~~~~~[m[K
[01m[K/home/robojackets/training_ws/src/software-training/localization/src/odometry_sensor_model.cpp:32:79:[m[K [01;31m[Kerror: [m[Kâ€˜[01m[Kcovariance_[m[Kâ€™ was not declared in this scope
   32 |         log_prob += pow(last_msg_.twist.twist.linear.x - particle.x_vel, 2) / [01;31m[Kcovariance_[m[K[0];
      |                                                                               [01;31m[K^~~~~~~~~~~[m[K
[01m[K/home/robojackets/training_ws/src/software-training/localization/src/odometry_sensor_model.cpp:[m[K In function â€˜[01m[Kdouble localization::ComputeLogNormalizer()[m[Kâ€™:
[01m[K/home/robojackets/training_ws/src/software-training/localization/src/odometry_sensor_model.cpp:37:55:[m[K [01;31m[Kerror: [m[Kâ€˜[01m[Kcovariance_[m[Kâ€™ was not declared in this scope
   37 |         return log(sqrt(pow(2 * M_PI, 2))) + log(sqrt([01;31m[Kcovariance_[m[K[0])) + log(sqrt(covariance_[1]));
      |                                                       [01;31m[K^~~~~~~~~~~[m[K
make[2]: *** [CMakeFiles/localization_component.dir/build.make:115: CMakeFiles/localization_component.dir/src/odometry_sensor_model.cpp.o] Error 1
make[2]: *** Waiting for unfinished jobs....
[ 87%] [32m[1mLinking CXX executable localization_node[0m
In file included from [01m[K/usr/include/c++/9/memory:80[m[K,
                 from [01m[K/opt/ros/foxy/include/tf2_ros/transform_listener.h:35[m[K,
                 from [01m[K/home/robojackets/training_ws/src/software-training/localization/src/particle_filter_localizer.hpp:24[m[K,
                 from [01m[K/home/robojackets/training_ws/src/software-training/localization/src/particle_filter_localizer.cpp:21[m[K:
/usr/include/c++/9/bits/unique_ptr.h: In instantiation of â€˜[01m[Ktypename std::_MakeUniq<_Tp>::__single_object std::make_unique(_Args&& ...) [with _Tp = localization::OdometrySensorModel; _Args = {localization::ParticleFilterLocalizer&}; typename std::_MakeUniq<_Tp>::__single_object = std::unique_ptr<localization::OdometrySensorModel, std::default_delete<localization::OdometrySensorModel> >][m[Kâ€™:
[01m[K/home/robojackets/training_ws/src/software-training/localization/src/particle_filter_localizer.cpp:71:71:[m[K   required from here
[01m[K/usr/include/c++/9/bits/unique_ptr.h:857:30:[m[K [01;31m[Kerror: [m[Kuse of deleted function â€˜[01m[Krclcpp::Node::Node(const rclcpp::Node&)[m[Kâ€™
  857 |     { return unique_ptr<_Tp>([01;31m[Knew _Tp(std::forward<_Args>(__args)...)[m[K); }
      |                              [01;31m[K^~~~~~~~~~~~~~~~~~~~~~~~~~~~~~~~~~~~~~~[m[K
In file included from [01m[K/opt/ros/foxy/include/rclcpp/context.hpp:33[m[K,
                 from [01m[K/opt/ros/foxy/include/rclcpp/contexts/default_context.hpp:18[m[K,
                 from [01m[K/opt/ros/foxy/include/rclcpp/executor.hpp:32[m[K,
                 from [01m[K/opt/ros/foxy/include/rclcpp/executors/multi_threaded_executor.hpp:26[m[K,
                 from [01m[K/opt/ros/foxy/include/rclcpp/executors.hpp:21[m[K,
                 from [01m[K/opt/ros/foxy/include/rclcpp/rclcpp.hpp:146[m[K,
                 from [01m[K/opt/ros/foxy/include/tf2_ros/transform_listener.h:39[m[K,
                 from [01m[K/home/robojackets/training_ws/src/software-training/localization/src/particle_filter_localizer.hpp:24[m[K,
                 from [01m[K/home/robojackets/training_ws/src/software-training/localization/src/particle_filter_localizer.cpp:21[m[K:
[01m[K/opt/ros/foxy/include/rclcpp/node.hpp:1198:3:[m[K [01;36m[Knote: [m[Kdeclared here
 1198 |   [01;36m[KRCLCPP_DISABLE_COPY[m[K(Node)
      |   [01;36m[K^~~~~~~~~~~~~~~~~~~[m[K
In file included from [01m[K/home/robojackets/training_ws/src/software-training/localization/src/particle_filter_localizer.cpp:30[m[K:
[01m[K/home/robojackets/training_ws/src/software-training/localization/src/odometry_sensor_model.hpp:15:46:[m[K [01;36m[Knote: [m[K  initializing argument 1 of â€˜[01m[Klocalization::OdometrySensorModel::OdometrySensorModel(rclcpp::Node)[m[Kâ€™
   15 |             OdometrySensorModel([01;36m[Krclcpp::Node node[m[K);
      |                                 [01;36m[K~~~~~~~~~~~~~^~~~[m[K
[ 87%] Built target localization_node
make[2]: *** [CMakeFiles/localization_component.dir/build.make:102: CMakeFiles/localization_component.dir/src/particle_filter_localizer.cpp.o] Error 1
make[1]: *** [CMakeFiles/Makefile2:80: CMakeFiles/localization_component.dir/all] Error 2
make: *** [Makefile:141: all] Error 2
