[35m[1mScanning dependencies of target peak_finder_components[0m
[ 40%] Built target peak_finder_node
[ 60%] [32mBuilding CXX object CMakeFiles/peak_finder_components.dir/src/peak_finder_component.cpp.o[0m
[01m[K/home/robojackets/training_ws/src/software-training/peak_finder/src/peak_finder_component.cpp:[m[K In member function â€˜[01m[KEigen::Vector2d peak_finder::PeakFinderComponent::PickNextGoalPosition(const Vector2d&, const double&)[m[Kâ€™:
[01m[K/home/robojackets/training_ws/src/software-training/peak_finder/src/peak_finder_component.cpp:211:24:[m[K [01;31m[Kerror: [m[Kâ€˜[01m[KEigen::Vector2d[m[Kâ€™ {aka â€˜[01m[Kclass Eigen::Matrix<double, 2, 1>[m[Kâ€™} has no member named â€˜[01m[Kpush_back[m[Kâ€™
  211 |       sample_positions.[01;31m[Kpush_back[m[K(pose);
      |                        [01;31m[K^~~~~~~~~[m[K
[01m[K/home/robojackets/training_ws/src/software-training/peak_finder/src/peak_finder_component.cpp:214:33:[m[K [01;31m[Kerror: [m[Kâ€˜[01m[Kbegin[m[Kâ€™ was not declared in this scope; did you mean â€˜[01m[Kstd::begin[m[Kâ€™?
  214 |     for(const auto & position : [01;31m[Ksample_positions[m[K){
      |                                 [01;31m[K^~~~~~~~~~~~~~~~[m[K
      |                                 [32m[Kstd::begin[m[K
In file included from [01m[K/usr/include/c++/9/string:54[m[K,
                 from [01m[K/usr/include/c++/9/stdexcept:39[m[K,
                 from [01m[K/usr/include/c++/9/array:39[m[K,
                 from [01m[K/usr/include/c++/9/tuple:39[m[K,
                 from [01m[K/usr/include/c++/9/bits/unique_ptr.h:37[m[K,
                 from [01m[K/usr/include/c++/9/memory:80[m[K,
                 from [01m[K/opt/ros/foxy/include/rclcpp/rclcpp.hpp:144[m[K,
                 from [01m[K/home/robojackets/training_ws/src/software-training/peak_finder/src/peak_finder_component.cpp:21[m[K:
[01m[K/usr/include/c++/9/bits/range_access.h:105:37:[m[K [01;36m[Knote: [m[Kâ€˜[01m[Kstd::begin[m[Kâ€™ declared here
  105 |   template<typename _Tp> const _Tp* [01;36m[Kbegin[m[K(const valarray<_Tp>&);
      |                                     [01;36m[K^~~~~[m[K
[01m[K/home/robojackets/training_ws/src/software-training/peak_finder/src/peak_finder_component.cpp:214:33:[m[K [01;31m[Kerror: [m[Kâ€˜[01m[Kend[m[Kâ€™ was not declared in this scope; did you mean â€˜[01m[Kstd::end[m[Kâ€™?
  214 |     for(const auto & position : [01;31m[Ksample_positions[m[K){
      |                                 [01;31m[K^~~~~~~~~~~~~~~~[m[K
      |                                 [32m[Kstd::end[m[K
In file included from [01m[K/usr/include/c++/9/string:54[m[K,
                 from [01m[K/usr/include/c++/9/stdexcept:39[m[K,
                 from [01m[K/usr/include/c++/9/array:39[m[K,
                 from [01m[K/usr/include/c++/9/tuple:39[m[K,
                 from [01m[K/usr/include/c++/9/bits/unique_ptr.h:37[m[K,
                 from [01m[K/usr/include/c++/9/memory:80[m[K,
                 from [01m[K/opt/ros/foxy/include/rclcpp/rclcpp.hpp:144[m[K,
                 from [01m[K/home/robojackets/training_ws/src/software-training/peak_finder/src/peak_finder_component.cpp:21[m[K:
[01m[K/usr/include/c++/9/bits/range_access.h:107:37:[m[K [01;36m[Knote: [m[Kâ€˜[01m[Kstd::end[m[Kâ€™ declared here
  107 |   template<typename _Tp> const _Tp* [01;36m[Kend[m[K(const valarray<_Tp>&);
      |                                     [01;36m[K^~~[m[K
[01m[K/home/robojackets/training_ws/src/software-training/peak_finder/src/peak_finder_component.cpp:215:7:[m[K [01;31m[Kerror: [m[Kâ€˜[01m[Kelevation[m[Kâ€™ was not declared in this scope; did you mean â€˜[01m[Kelevations[m[Kâ€™?
  215 |       [01;31m[Kelevation[m[K.push_back(SampleElevation(position));
      |       [01;31m[K^~~~~~~~~[m[K
      |       [32m[Kelevations[m[K
[01m[K/home/robojackets/training_ws/src/software-training/peak_finder/src/peak_finder_component.cpp:220:31:[m[K [01;31m[Kerror: [m[Kâ€˜[01m[Kcurrent_elevations[m[Kâ€™ was not declared in this scope; did you mean â€˜[01m[Kcurrent_elevation[m[Kâ€™?
  220 |     if(*max_elevation_iter <= [01;31m[Kcurrent_elevations[m[K){
      |                               [01;31m[K^~~~~~~~~~~~~~~~~~[m[K
      |                               [32m[Kcurrent_elevation[m[K
[01m[K/home/robojackets/training_ws/src/software-training/peak_finder/src/peak_finder_component.cpp:223:82:[m[K [01;31m[Kerror: [m[Kcould not convert â€˜[01m[K((Eigen::DenseCoeffsBase<Eigen::Matrix<double, 2, 1>, 1>*)((Eigen::DenseBase<Eigen::Matrix<double, 2, 1> >*)(& sample_positions)))->Eigen::DenseCoeffsBase<Eigen::Matrix<double, 2, 1>, 1>::operator[](std::distance<__gnu_cxx::__normal_iterator<double*, std::vector<double, std::allocator<double> > > >(elevations.std::vector<double, std::allocator<double> >::begin(), max_elevation_iter))[m[Kâ€™ from â€˜[01m[KEigen::DenseCoeffsBase<Eigen::Matrix<double, 2, 1>, 1>::Scalar[m[Kâ€™ {aka â€˜[01m[Kdouble[m[Kâ€™} to â€˜[01m[KEigen::Vector2d[m[Kâ€™ {aka â€˜[01m[KEigen::Matrix<double, 2, 1>[m[Kâ€™}
  223 | sitions[std::distance(elevations.begin(), max_elevation_iter)[01;31m[K][m[K;
      |                                                              [01;31m[K^[m[K
      |                                                              [01;31m[K|[m[K
      |                                                              [01;31m[KEigen::DenseCoeffsBase<Eigen::Matrix<double, 2, 1>, 1>::Scalar {aka double}[m[K

make[2]: *** [CMakeFiles/peak_finder_components.dir/build.make:63: CMakeFiles/peak_finder_components.dir/src/peak_finder_component.cpp.o] Error 1
make[1]: *** [CMakeFiles/Makefile2:134: CMakeFiles/peak_finder_components.dir/all] Error 2
make: *** [Makefile:141: all] Error 2
