[01m[K/home/robojackets/training_ws/src/software-training/obstacle_detector/src/student_functions.cpp:[m[K In function â€˜[01m[Kcv::Mat FindColors(cv::Mat, cv::Scalar, cv::Scalar)[m[Kâ€™:
[01m[K/home/robojackets/training_ws/src/software-training/obstacle_detector/src/student_functions.cpp:6:40:[m[K [01;31m[Kerror: [m[Kâ€˜[01m[KColor_BGR2HSV[m[Kâ€™ is not a member of â€˜[01m[Kcv[m[Kâ€™; did you mean â€˜[01m[KCOLOR_BGR2HSV[m[Kâ€™?
    6 |     cv::cvtColor(input, input_hsv, cv::[01;31m[KColor_BGR2HSV[m[K);
      |                                        [01;31m[K^~~~~~~~~~~~~[m[K
      |                                        [32m[KCOLOR_BGR2HSV[m[K
[01m[K/home/robojackets/training_ws/src/software-training/obstacle_detector/src/student_functions.cpp:[m[K In function â€˜[01m[Kcv::Mat ReprojectToGroundPlane(cv::Mat, cv::Mat, cv::Size)[m[Kâ€™:
[01m[K/home/robojackets/training_ws/src/software-training/obstacle_detector/src/student_functions.cpp:36:43:[m[K [01;31m[Kerror: [m[Kâ€˜[01m[Khomagraphy[m[Kâ€™ was not declared in this scope; did you mean â€˜[01m[Khomography[m[Kâ€™?
   36 |             cv::Vec3d src_vec = cv::Mat1d([01;31m[Khomagraphy[m[K.inv() * dest_vec);
      |                                           [01;31m[K^~~~~~~~~~[m[K
      |                                           [32m[Khomography[m[K
make[2]: *** [CMakeFiles/obstacle_detector.dir/build.make:76: CMakeFiles/obstacle_detector.dir/src/student_functions.cpp.o] Error 1
make[2]: *** Waiting for unfinished jobs....
make[1]: *** [CMakeFiles/Makefile2:107: CMakeFiles/obstacle_detector.dir/all] Error 2
make: *** [Makefile:141: all] Error 2
